L0005 0000           DEPTH: DOTEQU 11 ;
L0009 0000            ASEL: DOTFIELD 3 ;
L0010 0000            BSEL: DOTFIELD 3 ;
L0011 0000            DSEL: DOTFIELD 3 ;
L0012 0000            FSEL: DOTFIELD 4 ;
L0013 0000            UPDF: DOTFIELD 4 ;
L0014 0000            MUX1: DOTFIELD 1 ;
L0015 0000            MUX2: DOTFIELD 4 ;
L0016 0000            DATA: DOTFIELD 16 ;
L0017 0000            MISC: DOTFIELD 6 ;
L0022 0000             INP: DOTEQU 0 ;
L0023 0000            NONE: DOTEQU 0 ;
L0024 0000              R1: DOTEQU 1 ;
L0025 0000              R2: DOTEQU 2 ;
L0026 0000              R3: DOTEQU 3 ;
L0027 0000              R4: DOTEQU 4 ;
L0028 0000              R5: DOTEQU 5 ;
L0029 0000              R6: DOTEQU 6 ;
L0030 0000              R7: DOTEQU 7 ;
L0031 0000              PC: DOTEQU 7 ;
L0032 0000              SP: DOTEQU 6 ;
L0035 0000             TSA: DOTEQU 0 ;
L0036 0000             INC: DOTEQU 1 ;
L0037 0000             DEC: DOTEQU 2 ;
L0038 0000             ADD: DOTEQU 3 ;
L0039 0000             SUB: DOTEQU 4 ;
L0040 0000             AND: DOTEQU 5 ;
L0041 0000              OR: DOTEQU 6 ;
L0042 0000             XOR: DOTEQU 7 ;
L0043 0000             NOT: DOTEQU 8 ;
L0044 0000             SHL: DOTEQU 9 ;
L0045 0000             SHR: DOTEQU 10 ;
L0046 0000             ASR: DOTEQU 11 ;
L0047 0000             RLC: DOTEQU 12 ;
L0048 0000             RRC: DOTEQU 13 ;
L0049 0000             RV1: DOTEQU 14 ;
L0050 0000             RV2: DOTEQU 15 ;
L0054 0000             UPZ: DOTEQU 8 ;
L0055 0000             UPS: DOTEQU 4 ;
L0056 0000             UPC: DOTEQU 2 ;
L0057 0000             UPV: DOTEQU 1 ;
L0058 0000           UPALL: DOTEQU 15 ;
L0059 0000            UPZS: DOTEQU 12 ;
L0064 0000             INT: DOTEQU 0 ;
L0065 0000             EXT: DOTEQU 1 ;
L0069 0000            NEXT: DOTEQU 0 ;
L0070 0000             LAD: DOTEQU 1 ;
L0071 0000              LC: DOTEQU 2 ;
L0072 0000             LNC: DOTEQU 3 ;
L0073 0000              LZ: DOTEQU 4 ;
L0074 0000             LNZ: DOTEQU 5 ;
L0075 0000              LS: DOTEQU 6 ;
L0076 0000             LNS: DOTEQU 7 ;
L0077 0000              LV: DOTEQU 8 ;
L0078 0000             LNV: DOTEQU 9 ;
L0079 0000             LLT: DOTEQU 10 ;
L0080 0000             LGE: DOTEQU 11 ;
L0084 0000            READ: DOTEQU 1 ;
L0085 0000           WRITE: DOTEQU 2 ;
L0086 0000           LDMAR: DOTEQU 4 ;
L0087 0000            LDIR: DOTEQU 8 ;
L0088 0000           FETCH: DOTEQU 9 ;
L0089 0000           DEREF: DOTEQU 5 ;
L0090 0000           RFMUX: DOTEQU 16 ;
L0091 0000            DMUX: DOTEQU 32 ;
L0093 0000                  DOTMODULE "MICROCODE_ROM" ;
L0095 0000                  DOTORG 0 ;
L0098 0000           START: 0 \ 0 \ 1 \ 0 \ 0 \ 0 \ 0 \ 32767 \ 32  ;
L0099 0001                  0 \ 0 \ 2 \ 0 \ 0 \ 0 \ 0 \ 1 \ 32  ;
L0100 0002                  0 \ 0 \ 3 \ 0 \ 0 \ 0 \ 0 \ 65535 \ 32  ;
L0101 0003                  0 \ 0 \ 4 \ 0 \ 0 \ 0 \ 0 \ 1 \ 32  ;
L0102 0004                  0 \ 0 \ 5 \ 0 \ 0 \ 0 \ 0 \ 200 \ 32  ;
L0104 0005   BRANCH_TESTS0: 0 \ 0 \ 0 \ 0 \ 0 \ 0 \ 1 \ 7 \ 0  ;
L0105 0006                  2 \ 0 \ 0 \ 0 \ 0 \ 0 \ 1 \ 27 \ 0  ;
L0107 0007   BRANCH_TESTS1: 0 \ 0 \ 0 \ 0 \ 0 \ 0 \ 0 \ 100 \ 32  ;
L0108 0008                  1 \ 0 \ 1 \ 1 \ 15 \ 0 \ 0 \ 0 \ 0  ;
L0109 0009                  0 \ 0 \ 0 \ 0 \ 0 \ 0 \ 8 \ 11 \ 0  ;
L0110 000A                  2 \ 0 \ 0 \ 0 \ 0 \ 0 \ 1 \ 27 \ 0  ;
L0112 000B   BRANCH_TESTS2: 0 \ 0 \ 0 \ 0 \ 0 \ 0 \ 0 \ 101 \ 32  ;
L0113 000C                  3 \ 0 \ 3 \ 1 \ 15 \ 0 \ 0 \ 0 \ 0  ;
L0114 000D                  0 \ 0 \ 0 \ 0 \ 0 \ 0 \ 2 \ 15 \ 0  ;
L0115 000E                  2 \ 0 \ 0 \ 0 \ 0 \ 0 \ 1 \ 27 \ 0  ;
L0117 000F   BRANCH_TESTS3: 0 \ 0 \ 0 \ 0 \ 0 \ 0 \ 0 \ 102 \ 32  ;
L0118 0010                  4 \ 0 \ 4 \ 2 \ 15 \ 0 \ 0 \ 0 \ 0  ;
L0119 0011                  0 \ 0 \ 0 \ 0 \ 0 \ 0 \ 4 \ 19 \ 0  ;
L0120 0012                  2 \ 0 \ 0 \ 0 \ 0 \ 0 \ 1 \ 27 \ 0  ;
L0122 0013   BRANCH_TESTS4: 0 \ 0 \ 0 \ 0 \ 0 \ 0 \ 0 \ 103 \ 32  ;
L0123 0014                  4 \ 0 \ 4 \ 2 \ 15 \ 0 \ 0 \ 0 \ 0  ;
L0124 0015                  0 \ 0 \ 0 \ 0 \ 0 \ 0 \ 6 \ 23 \ 0  ;
L0125 0016                  2 \ 0 \ 0 \ 0 \ 0 \ 0 \ 1 \ 27 \ 0  ;
L0127 0017   BRANCH_TESTS5: 0 \ 0 \ 0 \ 0 \ 0 \ 0 \ 0 \ 104 \ 32  ;
L0128 0018                  0 \ 0 \ 0 \ 0 \ 0 \ 1 \ 1 \ 0 \ 0  ;
L0129 0019                  2 \ 0 \ 0 \ 0 \ 0 \ 0 \ 1 \ 27 \ 0  ;
L0131 001A   BRANCH_TESTS6: 0 \ 0 \ 0 \ 0 \ 0 \ 0 \ 0 \ 105 \ 32  ;
L0133 001B            IDLE: 5 \ 0 \ 0 \ 0 \ 0 \ 0 \ 1 \ 27 \ 0  ;
L0136 07FF                  DOTORG 2047 ;
L0137 07FF                  0 \ 0 \ 0 \ 0 \ 0 \ 0 \ 0 \ 0 \ 0  ;
L0137 0800                  DOTEND  ;
